<?xml version="1.0" encoding="UTF-8"?>
<testsuite name="org.apache.commons.io.input.ReversedLinesFileReaderTestParamBlockSize" time="0.18" tests="85" errors="0" skipped="0" failures="0">
  <properties>
[...]
</properties>
  <testcase name="testIsoFileDefaults[BlockSize=1]" classname="org.apache.commons.io.input.ReversedLinesFileReaderTestParamBlockSize" time="0.014"/>
  <testcase name="testUTF8FileCRBreaks[BlockSize=1]" classname="org.apache.commons.io.input.ReversedLinesFileReaderTestParamBlockSize" time="0.013"/>
  <testcase name="testUnsupportedEncodingUTF16[BlockSize=1]" classname="org.apache.commons.io.input.ReversedLinesFileReaderTestParamBlockSize" time="0.005"/>
  <testcase name="testGBK[BlockSize=1]" classname="org.apache.commons.io.input.ReversedLinesFileReaderTestParamBlockSize" time="0.003"/>
  <testcase name="testEmptyFile[BlockSize=1]" classname="org.apache.commons.io.input.ReversedLinesFileReaderTestParamBlockSize" time="0"/>
  <testcase name="testFileSizeIsExactMultipleOfBlockSize[BlockSize=1]" classname="org.apache.commons.io.input.ReversedLinesFileReaderTestParamBlockSize" time="0.001"/>
  <testcase name="testUTF8FileWindowsBreaksSmallBlockSize2VerifyBlockSpanningNewLines[BlockSize=1]" classname="org.apache.commons.io.input.ReversedLinesFileReaderTestParamBlockSize" time="0.011"/>
  <testcase name="testxWindows949File[BlockSize=1]" classname="org.apache.commons.io.input.ReversedLinesFileReaderTestParamBlockSize" time="0.003"/>
  <testcase name="testxWindows950File[BlockSize=1]" classname="org.apache.commons.io.input.ReversedLinesFileReaderTestParamBlockSize" time="0.002"/>
  <testcase name="testUTF8FileWindowsBreaks[BlockSize=1]" classname="org.apache.commons.io.input.ReversedLinesFileReaderTestParamBlockSize" time="0.01"/>
  <testcase name="testUTF16BEFile[BlockSize=1]" classname="org.apache.commons.io.input.ReversedLinesFileReaderTestParamBlockSize" time="0.016"/>
  <testcase name="testIsoFileManyWindowsBreaksSmallBlockSize2VerifyBlockSpanningNewLines[BlockSize=1]" classname="org.apache.commons.io.input.ReversedLinesFileReaderTestParamBlockSize" time="0.001"/>
  <testcase name="testUTF16LEFile[BlockSize=1]" classname="org.apache.commons.io.input.ReversedLinesFileReaderTestParamBlockSize" time="0.016"/>
  <testcase name="testShiftJISFile[BlockSize=1]" classname="org.apache.commons.io.input.ReversedLinesFileReaderTestParamBlockSize" time="0.001"/>
  <testcase name="testWindows31jFile[BlockSize=1]" classname="org.apache.commons.io.input.ReversedLinesFileReaderTestParamBlockSize" time="0.001"/>
  <testcase name="testUnsupportedEncodingBig5[BlockSize=1]" classname="org.apache.commons.io.input.ReversedLinesFileReaderTestParamBlockSize" time="0.013"/>
  <testcase name="testUTF8File[BlockSize=1]" classname="org.apache.commons.io.input.ReversedLinesFileReaderTestParamBlockSize" time="0.01"/>
  <testcase name="testIsoFileDefaults[BlockSize=3]" classname="org.apache.commons.io.input.ReversedLinesFileReaderTestParamBlockSize" time="0.003"/>
  <testcase name="testUTF8FileCRBreaks[BlockSize=3]" classname="org.apache.commons.io.input.ReversedLinesFileReaderTestParamBlockSize" time="0.003"/>
  <testcase name="testUnsupportedEncodingUTF16[BlockSize=3]" classname="org.apache.commons.io.input.ReversedLinesFileReaderTestParamBlockSize" time="0.001"/>
  <testcase name="testGBK[BlockSize=3]" classname="org.apache.commons.io.input.ReversedLinesFileReaderTestParamBlockSize" time="0"/>
  <testcase name="testEmptyFile[BlockSize=3]" classname="org.apache.commons.io.input.ReversedLinesFileReaderTestParamBlockSize" time="0.001"/>
  <testcase name="testFileSizeIsExactMultipleOfBlockSize[BlockSize=3]" classname="org.apache.commons.io.input.ReversedLinesFileReaderTestParamBlockSize" time="0"/>
  <testcase name="testUTF8FileWindowsBreaksSmallBlockSize2VerifyBlockSpanningNewLines[BlockSize=3]" classname="org.apache.commons.io.input.ReversedLinesFileReaderTestParamBlockSize" time="0.003"/>
  <testcase name="testxWindows949File[BlockSize=3]" classname="org.apache.commons.io.input.ReversedLinesFileReaderTestParamBlockSize" time="0"/>
  <testcase name="testxWindows950File[BlockSize=3]" classname="org.apache.commons.io.input.ReversedLinesFileReaderTestParamBlockSize" time="0"/>
  <testcase name="testUTF8FileWindowsBreaks[BlockSize=3]" classname="org.apache.commons.io.input.ReversedLinesFileReaderTestParamBlockSize" time="0.004"/>
  <testcase name="testUTF16BEFile[BlockSize=3]" classname="org.apache.commons.io.input.ReversedLinesFileReaderTestParamBlockSize" time="0.006"/>
  <testcase name="testIsoFileManyWindowsBreaksSmallBlockSize2VerifyBlockSpanningNewLines[BlockSize=3]" classname="org.apache.commons.io.input.ReversedLinesFileReaderTestParamBlockSize" time="0"/>
  <testcase name="testUTF16LEFile[BlockSize=3]" classname="org.apache.commons.io.input.ReversedLinesFileReaderTestParamBlockSize" time="0.009"/>
  <testcase name="testShiftJISFile[BlockSize=3]" classname="org.apache.commons.io.input.ReversedLinesFileReaderTestParamBlockSize" time="0.001"/>
  <testcase name="testWindows31jFile[BlockSize=3]" classname="org.apache.commons.io.input.ReversedLinesFileReaderTestParamBlockSize" time="0"/>
  <testcase name="testUnsupportedEncodingBig5[BlockSize=3]" classname="org.apache.commons.io.input.ReversedLinesFileReaderTestParamBlockSize" time="0"/>
  <testcase name="testUTF8File[BlockSize=3]" classname="org.apache.commons.io.input.ReversedLinesFileReaderTestParamBlockSize" time="0.004"/>
  <testcase name="testIsoFileDefaults[BlockSize=8]" classname="org.apache.commons.io.input.ReversedLinesFileReaderTestParamBlockSize" time="0.001"/>
  <testcase name="testUTF8FileCRBreaks[BlockSize=8]" classname="org.apache.commons.io.input.ReversedLinesFileReaderTestParamBlockSize" time="0.002"/>
  <testcase name="testUnsupportedEncodingUTF16[BlockSize=8]" classname="org.apache.commons.io.input.ReversedLinesFileReaderTestParamBlockSize" time="0"/>
  <testcase name="testGBK[BlockSize=8]" classname="org.apache.commons.io.input.ReversedLinesFileReaderTestParamBlockSize" time="0.001"/>
  <testcase name="testEmptyFile[BlockSize=8]" classname="org.apache.commons.io.input.ReversedLinesFileReaderTestParamBlockSize" time="0"/>
  <testcase name="testFileSizeIsExactMultipleOfBlockSize[BlockSize=8]" classname="org.apache.commons.io.input.ReversedLinesFileReaderTestParamBlockSize" time="0"/>
  <testcase name="testUTF8FileWindowsBreaksSmallBlockSize2VerifyBlockSpanningNewLines[BlockSize=8]" classname="org.apache.commons.io.input.ReversedLinesFileReaderTestParamBlockSize" time="0.002"/>
  <testcase name="testxWindows949File[BlockSize=8]" classname="org.apache.commons.io.input.ReversedLinesFileReaderTestParamBlockSize" time="0"/>
  <testcase name="testxWindows950File[BlockSize=8]" classname="org.apache.commons.io.input.ReversedLinesFileReaderTestParamBlockSize" time="0.001"/>
  <testcase name="testUTF8FileWindowsBreaks[BlockSize=8]" classname="org.apache.commons.io.input.ReversedLinesFileReaderTestParamBlockSize" time="0.001"/>
  <testcase name="testUTF16BEFile[BlockSize=8]" classname="org.apache.commons.io.input.ReversedLinesFileReaderTestParamBlockSize" time="0.002"/>
  <testcase name="testIsoFileManyWindowsBreaksSmallBlockSize2VerifyBlockSpanningNewLines[BlockSize=8]" classname="org.apache.commons.io.input.ReversedLinesFileReaderTestParamBlockSize" time="0"/>
  <testcase name="testUTF16LEFile[BlockSize=8]" classname="org.apache.commons.io.input.ReversedLinesFileReaderTestParamBlockSize" time="0.003"/>
  <testcase name="testShiftJISFile[BlockSize=8]" classname="org.apache.commons.io.input.ReversedLinesFileReaderTestParamBlockSize" time="0"/>
  <testcase name="testWindows31jFile[BlockSize=8]" classname="org.apache.commons.io.input.ReversedLinesFileReaderTestParamBlockSize" time="0.001"/>
  <testcase name="testUnsupportedEncodingBig5[BlockSize=8]" classname="org.apache.commons.io.input.ReversedLinesFileReaderTestParamBlockSize" time="0"/>
  <testcase name="testUTF8File[BlockSize=8]" classname="org.apache.commons.io.input.ReversedLinesFileReaderTestParamBlockSize" time="0.001"/>
  <testcase name="testIsoFileDefaults[BlockSize=256]" classname="org.apache.commons.io.input.ReversedLinesFileReaderTestParamBlockSize" time="0"/>
  <testcase name="testUTF8FileCRBreaks[BlockSize=256]" classname="org.apache.commons.io.input.ReversedLinesFileReaderTestParamBlockSize" time="0"/>
  <testcase name="testUnsupportedEncodingUTF16[BlockSize=256]" classname="org.apache.commons.io.input.ReversedLinesFileReaderTestParamBlockSize" time="0.001"/>
  <testcase name="testGBK[BlockSize=256]" classname="org.apache.commons.io.input.ReversedLinesFileReaderTestParamBlockSize" time="0"/>
  <testcase name="testEmptyFile[BlockSize=256]" classname="org.apache.commons.io.input.ReversedLinesFileReaderTestParamBlockSize" time="0"/>
  <testcase name="testFileSizeIsExactMultipleOfBlockSize[BlockSize=256]" classname="org.apache.commons.io.input.ReversedLinesFileReaderTestParamBlockSize" time="0.001"/>
  <testcase name="testUTF8FileWindowsBreaksSmallBlockSize2VerifyBlockSpanningNewLines[BlockSize=256]" classname="org.apache.commons.io.input.ReversedLinesFileReaderTestParamBlockSize" time="0"/>
  <testcase name="testxWindows949File[BlockSize=256]" classname="org.apache.commons.io.input.ReversedLinesFileReaderTestParamBlockSize" time="0"/>
  <testcase name="testxWindows950File[BlockSize=256]" classname="org.apache.commons.io.input.ReversedLinesFileReaderTestParamBlockSize" time="0.001"/>
  <testcase name="testUTF8FileWindowsBreaks[BlockSize=256]" classname="org.apache.commons.io.input.ReversedLinesFileReaderTestParamBlockSize" time="0"/>
  <testcase name="testUTF16BEFile[BlockSize=256]" classname="org.apache.commons.io.input.ReversedLinesFileReaderTestParamBlockSize" time="0.001"/>
  <testcase name="testIsoFileManyWindowsBreaksSmallBlockSize2VerifyBlockSpanningNewLines[BlockSize=256]" classname="org.apache.commons.io.input.ReversedLinesFileReaderTestParamBlockSize" time="0"/>
  <testcase name="testUTF16LEFile[BlockSize=256]" classname="org.apache.commons.io.input.ReversedLinesFileReaderTestParamBlockSize" time="0.001"/>
  <testcase name="testShiftJISFile[BlockSize=256]" classname="org.apache.commons.io.input.ReversedLinesFileReaderTestParamBlockSize" time="0"/>
  <testcase name="testWindows31jFile[BlockSize=256]" classname="org.apache.commons.io.input.ReversedLinesFileReaderTestParamBlockSize" time="0"/>
  <testcase name="testUnsupportedEncodingBig5[BlockSize=256]" classname="org.apache.commons.io.input.ReversedLinesFileReaderTestParamBlockSize" time="0.001"/>
  <testcase name="testUTF8File[BlockSize=256]" classname="org.apache.commons.io.input.ReversedLinesFileReaderTestParamBlockSize" time="0"/>
  <testcase name="testIsoFileDefaults[BlockSize=4,096]" classname="org.apache.commons.io.input.ReversedLinesFileReaderTestParamBlockSize" time="0"/>
  <testcase name="testUTF8FileCRBreaks[BlockSize=4,096]" classname="org.apache.commons.io.input.ReversedLinesFileReaderTestParamBlockSize" time="0.001"/>
  <testcase name="testUnsupportedEncodingUTF16[BlockSize=4,096]" classname="org.apache.commons.io.input.ReversedLinesFileReaderTestParamBlockSize" time="0"/>
  <testcase name="testGBK[BlockSize=4,096]" classname="org.apache.commons.io.input.ReversedLinesFileReaderTestParamBlockSize" time="0"/>
  <testcase name="testEmptyFile[BlockSize=4,096]" classname="org.apache.commons.io.input.ReversedLinesFileReaderTestParamBlockSize" time="0.001"/>
  <testcase name="testFileSizeIsExactMultipleOfBlockSize[BlockSize=4,096]" classname="org.apache.commons.io.input.ReversedLinesFileReaderTestParamBlockSize" time="0"/>
  <testcase name="testUTF8FileWindowsBreaksSmallBlockSize2VerifyBlockSpanningNewLines[BlockSize=4,096]" classname="org.apache.commons.io.input.ReversedLinesFileReaderTestParamBlockSize" time="0"/>
  <testcase name="testxWindows949File[BlockSize=4,096]" classname="org.apache.commons.io.input.ReversedLinesFileReaderTestParamBlockSize" time="0"/>
  <testcase name="testxWindows950File[BlockSize=4,096]" classname="org.apache.commons.io.input.ReversedLinesFileReaderTestParamBlockSize" time="0"/>
  <testcase name="testUTF8FileWindowsBreaks[BlockSize=4,096]" classname="org.apache.commons.io.input.ReversedLinesFileReaderTestParamBlockSize" time="0.001"/>
  <testcase name="testUTF16BEFile[BlockSize=4,096]" classname="org.apache.commons.io.input.ReversedLinesFileReaderTestParamBlockSize" time="0"/>
  <testcase name="testIsoFileManyWindowsBreaksSmallBlockSize2VerifyBlockSpanningNewLines[BlockSize=4,096]" classname="org.apache.commons.io.input.ReversedLinesFileReaderTestParamBlockSize" time="0"/>
  <testcase name="testUTF16LEFile[BlockSize=4,096]" classname="org.apache.commons.io.input.ReversedLinesFileReaderTestParamBlockSize" time="0"/>
  <testcase name="testShiftJISFile[BlockSize=4,096]" classname="org.apache.commons.io.input.ReversedLinesFileReaderTestParamBlockSize" time="0"/>
  <testcase name="testWindows31jFile[BlockSize=4,096]" classname="org.apache.commons.io.input.ReversedLinesFileReaderTestParamBlockSize" time="0.001"/>
  <testcase name="testUnsupportedEncodingBig5[BlockSize=4,096]" classname="org.apache.commons.io.input.ReversedLinesFileReaderTestParamBlockSize" time="0"/>
  <testcase name="testUTF8File[BlockSize=4,096]" classname="org.apache.commons.io.input.ReversedLinesFileReaderTestParamBlockSize" time="0"/>
</testsuite>