<?xml version="1.0" encoding="UTF-8"?>
<testsuite name="org.apache.commons.io.FileUtilsTestCase" time="3.71" tests="135" errors="0" skipped="1" failures="1">
  <properties>
[...]
</properties>
  <testcase name="testCopyFile1" classname="org.apache.commons.io.FileUtilsTestCase" time="0.021"/>
  <testcase name="testCopyFile2" classname="org.apache.commons.io.FileUtilsTestCase" time="0.009"/>
  <testcase name="testChecksumOnDirectory" classname="org.apache.commons.io.FileUtilsTestCase" time="0.007"/>
  <testcase name="testWriteLines_3arg_nullSeparator" classname="org.apache.commons.io.FileUtilsTestCase" time="0.01"/>
  <testcase name="testChecksum" classname="org.apache.commons.io.FileUtilsTestCase" time="0.009"/>
  <testcase name="testGetUserDirectoryPath" classname="org.apache.commons.io.FileUtilsTestCase" time="0.006"/>
  <testcase name="testToFiles3a" classname="org.apache.commons.io.FileUtilsTestCase" time="0.007"/>
  <testcase name="testChecksumCRC32" classname="org.apache.commons.io.FileUtilsTestCase" time="0.01"/>
  <testcase name="testWriteLines_3argsWithAppendOptionTrue_ShouldNotDeletePreviousFileLines" classname="org.apache.commons.io.FileUtilsTestCase" time="0.011"/>
  <testcase name="testCopyDirectoryToChild" classname="org.apache.commons.io.FileUtilsTestCase" time="0.088"/>
  <testcase name="testContentEqualsIgnoreEOL" classname="org.apache.commons.io.FileUtilsTestCase" time="0.025">
    <failure type="java.lang.AssertionError:">java.lang.AssertionError: null
	at org.junit.Assert.fail(Assert.java:86)
	at org.junit.Assert.assertTrue(Assert.java:41)
	at org.junit.Assert.assertTrue(Assert.java:52)
	at org.apache.commons.io.FileUtilsTestCase.testContentEqualsIgnoreEOL(FileUtilsTestCase.java:700)
</failure>
  </testcase>
  <testcase name="testForceDeleteAFile1" classname="org.apache.commons.io.FileUtilsTestCase" time="0.007"/>
  <testcase name="testForceDeleteAFile2" classname="org.apache.commons.io.FileUtilsTestCase" time="0.007"/>
  <testcase name="testForceDeleteAFile3" classname="org.apache.commons.io.FileUtilsTestCase" time="0.006"/>
  <testcase name="testCopyToSelf" classname="org.apache.commons.io.FileUtilsTestCase" time="0.009"/>
  <testcase name="testDeleteQuietlyForNull" classname="org.apache.commons.io.FileUtilsTestCase" time="0.007"/>
  <testcase name="testToFile1" classname="org.apache.commons.io.FileUtilsTestCase" time="0.006"/>
  <testcase name="testToFile2" classname="org.apache.commons.io.FileUtilsTestCase" time="0.006"/>
  <testcase name="testToFile3" classname="org.apache.commons.io.FileUtilsTestCase" time="0.008"/>
  <testcase name="testToFile4" classname="org.apache.commons.io.FileUtilsTestCase" time="0.006"/>
  <testcase name="testToFile5" classname="org.apache.commons.io.FileUtilsTestCase" time="0.006"/>
  <testcase name="testToURLs1" classname="org.apache.commons.io.FileUtilsTestCase" time="0.007"/>
  <testcase name="testDeleteQuietlyNonExistent" classname="org.apache.commons.io.FileUtilsTestCase" time="0.006"/>
  <testcase name="test_openInputStream_existsButIsDirectory" classname="org.apache.commons.io.FileUtilsTestCase" time="0.007"/>
  <testcase name="testToFileUtf8" classname="org.apache.commons.io.FileUtilsTestCase" time="0.006"/>
  <testcase name="testCopyDirectoryToNonExistingDest" classname="org.apache.commons.io.FileUtilsTestCase" time="0.036"/>
  <testcase name="testToFiles1" classname="org.apache.commons.io.FileUtilsTestCase" time="0.006"/>
  <testcase name="testToFiles2" classname="org.apache.commons.io.FileUtilsTestCase" time="0.006"/>
  <testcase name="testToFiles3" classname="org.apache.commons.io.FileUtilsTestCase" time="0.007"/>
  <testcase name="testToFiles4" classname="org.apache.commons.io.FileUtilsTestCase" time="0.006"/>
  <testcase name="testWriteByteArrayToFile" classname="org.apache.commons.io.FileUtilsTestCase" time="0.008"/>
  <testcase name="testMoveFile_CopyDelete_Failed" classname="org.apache.commons.io.FileUtilsTestCase" time="0.01"/>
  <testcase name="testWriteLines_5argsWithAppendOptionTrue_ShouldNotDeletePreviousFileLines" classname="org.apache.commons.io.FileUtilsTestCase" time="0.011"/>
  <testcase name="testWriteLines_4arg_Writer_nullData" classname="org.apache.commons.io.FileUtilsTestCase" time="0.008"/>
  <testcase name="testMoveFile_Errors" classname="org.apache.commons.io.FileUtilsTestCase" time="0.008"/>
  <testcase name="testWriteStringToFile_WithAppendOptionFalse_ShouldDeletePreviousFileLines" classname="org.apache.commons.io.FileUtilsTestCase" time="0.01"/>
  <testcase name="test_openOutputStream_exists" classname="org.apache.commons.io.FileUtilsTestCase" time="0.01"/>
  <testcase name="testListFilesWithDirs" classname="org.apache.commons.io.FileUtilsTestCase" time="0.021"/>
  <testcase name="testWriteLines_3argsWithAppendOptionFalse_ShouldDeletePreviousFileLines" classname="org.apache.commons.io.FileUtilsTestCase" time="0.012"/>
  <testcase name="testWriteLines_4argsWithAppendOptionFalse_ShouldDeletePreviousFileLines" classname="org.apache.commons.io.FileUtilsTestCase" time="0.011"/>
  <testcase name="testIO276" classname="org.apache.commons.io.FileUtilsTestCase" time="0.008"/>
  <testcase name="testIO300" classname="org.apache.commons.io.FileUtilsTestCase" time="0.013"/>
  <testcase name="testWriteLines_5argsWithAppendOptionFalse_ShouldDeletePreviousFileLines" classname="org.apache.commons.io.FileUtilsTestCase" time="0.011"/>
  <testcase name="testTouch" classname="org.apache.commons.io.FileUtilsTestCase" time="0.03"/>
  <testcase name="testIncorrectOutputSize" classname="org.apache.commons.io.FileUtilsTestCase" time="0.014"/>
  <testcase name="testGetUserDirectory" classname="org.apache.commons.io.FileUtilsTestCase" time="0.007"/>
  <testcase name="testChecksumDouble" classname="org.apache.commons.io.FileUtilsTestCase" time="0.012"/>
  <testcase name="testToURLs3a" classname="org.apache.commons.io.FileUtilsTestCase" time="0.006"/>
  <testcase name="testMoveFile_Rename" classname="org.apache.commons.io.FileUtilsTestCase" time="0.007"/>
  <testcase name="testCopyFileLarge" classname="org.apache.commons.io.FileUtilsTestCase" time="0">
    <skipped/>
  </testcase>
  <testcase name="testWriteByteArrayToFile_WithAppendOptionFalse_ShouldDeletePreviousFileLines" classname="org.apache.commons.io.FileUtilsTestCase" time="0.01"/>
  <testcase name="testCopyDirectoryToDirectory_NonExistingDest" classname="org.apache.commons.io.FileUtilsTestCase" time="0.031"/>
  <testcase name="testMoveDirectory_CopyDelete" classname="org.apache.commons.io.FileUtilsTestCase" time="0.018"/>
  <testcase name="testGetFile_Parent" classname="org.apache.commons.io.FileUtilsTestCase" time="0.007"/>
  <testcase name="test_openOutputStream_noParentNoFile" classname="org.apache.commons.io.FileUtilsTestCase" time="0.007"/>
  <testcase name="testWriteWithEncoding_WithAppendOptionFalse_ShouldDeletePreviousFileLines" classname="org.apache.commons.io.FileUtilsTestCase" time="0.01"/>
  <testcase name="testCopyFile2WithoutFileDatePreservation" classname="org.apache.commons.io.FileUtilsTestCase" time="0.009"/>
  <testcase name="testMoveFile_CopyDelete" classname="org.apache.commons.io.FileUtilsTestCase" time="0.012"/>
  <testcase name="testFileUtils" classname="org.apache.commons.io.FileUtilsTestCase" time="0.012"/>
  <testcase name="testForceMkdir" classname="org.apache.commons.io.FileUtilsTestCase" time="0.008"/>
  <testcase name="testCopyFile1ToDir" classname="org.apache.commons.io.FileUtilsTestCase" time="0.016"/>
  <testcase name="testListFiles" classname="org.apache.commons.io.FileUtilsTestCase" time="0.027"/>
  <testcase name="testMoveDirectoryToDirectory_Errors" classname="org.apache.commons.io.FileUtilsTestCase" time="0.009"/>
  <testcase name="testCopyFile2ToDir" classname="org.apache.commons.io.FileUtilsTestCase" time="0.011"/>
  <testcase name="testForceDeleteDir" classname="org.apache.commons.io.FileUtilsTestCase" time="0.009"/>
  <testcase name="testGetFile" classname="org.apache.commons.io.FileUtilsTestCase" time="0.006"/>
  <testcase name="testWriteByteArrayToFile_WithOffsetAndLength" classname="org.apache.commons.io.FileUtilsTestCase" time="0.008"/>
  <testcase name="testReadLines" classname="org.apache.commons.io.FileUtilsTestCase" time="0.01"/>
  <testcase name="testWriteStringToFileWithEncoding_WithAppendOptionTrue_ShouldNotDeletePreviousFileLines" classname="org.apache.commons.io.FileUtilsTestCase" time="0.011"/>
  <testcase name="testGetTempDirectoryPath" classname="org.apache.commons.io.FileUtilsTestCase" time="0.006"/>
  <testcase name="test_openOutputStream_notExists" classname="org.apache.commons.io.FileUtilsTestCase" time="0.009"/>
  <testcase name="testMoveDirectory_Errors" classname="org.apache.commons.io.FileUtilsTestCase" time="0.01"/>
  <testcase name="testReadFileToStringWithEncoding" classname="org.apache.commons.io.FileUtilsTestCase" time="0.008"/>
  <testcase name="testSizeOfAsBigInteger" classname="org.apache.commons.io.FileUtilsTestCase" time="0.008"/>
  <testcase name="testCopyURLToFileWithTimeout" classname="org.apache.commons.io.FileUtilsTestCase" time="0.012"/>
  <testcase name="test_openOutputStream_notExistsCannotCreate" classname="org.apache.commons.io.FileUtilsTestCase" time="0.008"/>
  <testcase name="testForceMkdirParent" classname="org.apache.commons.io.FileUtilsTestCase" time="0.008"/>
  <testcase name="testCopyDirectoryToItself" classname="org.apache.commons.io.FileUtilsTestCase" time="0.013"/>
  <testcase name="testWriteStringToFileWithEncoding_WithAppendOptionFalse_ShouldDeletePreviousFileLines" classname="org.apache.commons.io.FileUtilsTestCase" time="0.011"/>
  <testcase name="testWriteLines_4arg" classname="org.apache.commons.io.FileUtilsTestCase" time="0.01"/>
  <testcase name="test_openOutputStream_noParentCreateFile" classname="org.apache.commons.io.FileUtilsTestCase" time="0.009"/>
  <testcase name="testCopyFileToOutputStream" classname="org.apache.commons.io.FileUtilsTestCase" time="0.008"/>
  <testcase name="testMoveDirectory_Rename" classname="org.apache.commons.io.FileUtilsTestCase" time="0.013"/>
  <testcase name="testWrite_WithAppendOptionFalse_ShouldDeletePreviousFileLines" classname="org.apache.commons.io.FileUtilsTestCase" time="0.01"/>
  <testcase name="testCopyDirectoryToGrandChild" classname="org.apache.commons.io.FileUtilsTestCase" time="0.086"/>
  <testcase name="testDeleteDirectoryWithNonDirectory" classname="org.apache.commons.io.FileUtilsTestCase" time="0.006"/>
  <testcase name="testWriteByteArrayToFile_WithAppendOptionTrue_ShouldNotDeletePreviousFileLines" classname="org.apache.commons.io.FileUtilsTestCase" time="0.01"/>
  <testcase name="testReadFileToByteArray" classname="org.apache.commons.io.FileUtilsTestCase" time="0.008"/>
  <testcase name="testIsFileNewerOlder" classname="org.apache.commons.io.FileUtilsTestCase" time="2.041"/>
  <testcase name="testByteCountToDisplaySizeLong" classname="org.apache.commons.io.FileUtilsTestCase" time="0.008"/>
  <testcase name="testSizeOfDirectoryAsBigInteger" classname="org.apache.commons.io.FileUtilsTestCase" time="0.018"/>
  <testcase name="testGetTempDirectory" classname="org.apache.commons.io.FileUtilsTestCase" time="0.007"/>
  <testcase name="testWriteLines_4argsWithAppendOptionTrue_ShouldNotDeletePreviousFileLines" classname="org.apache.commons.io.FileUtilsTestCase" time="0.012"/>
  <testcase name="testMoveToDirectory" classname="org.apache.commons.io.FileUtilsTestCase" time="0.015"/>
  <testcase name="testReadFileToStringWithDefaultEncoding" classname="org.apache.commons.io.FileUtilsTestCase" time="0.008"/>
  <testcase name="testCompareSizeOf" classname="org.apache.commons.io.FileUtilsTestCase" time="0.082"/>
  <testcase name="testWriteStringToFile1" classname="org.apache.commons.io.FileUtilsTestCase" time="0.009"/>
  <testcase name="testWriteStringToFile2" classname="org.apache.commons.io.FileUtilsTestCase" time="0.009"/>
  <testcase name="testWriteStringToFile3" classname="org.apache.commons.io.FileUtilsTestCase" time="0.008"/>
  <testcase name="testWriteByteArrayToFile_WithOffsetAndLength_WithAppendOptionTrue_ShouldDeletePreviousFileLines" classname="org.apache.commons.io.FileUtilsTestCase" time="0.011"/>
  <testcase name="testMoveToDirectory_Errors" classname="org.apache.commons.io.FileUtilsTestCase" time="0.007"/>
  <testcase name="testSizeOfDirectory" classname="org.apache.commons.io.FileUtilsTestCase" time="0.013"/>
  <testcase name="testDecodeUrlLenient" classname="org.apache.commons.io.FileUtilsTestCase" time="0.006"/>
  <testcase name="testWriteCharSequence1" classname="org.apache.commons.io.FileUtilsTestCase" time="0.009"/>
  <testcase name="testWriteCharSequence2" classname="org.apache.commons.io.FileUtilsTestCase" time="0.008"/>
  <testcase name="testDecodeUrlNullSafe" classname="org.apache.commons.io.FileUtilsTestCase" time="0.006"/>
  <testcase name="testChecksumOnNullFile" classname="org.apache.commons.io.FileUtilsTestCase" time="0.006"/>
  <testcase name="testWriteLinesEncoding_WithAppendOptionFalse_ShouldDeletePreviousFileLines" classname="org.apache.commons.io.FileUtilsTestCase" time="0.011"/>
  <testcase name="testCopyDirectoryToExistingDest" classname="org.apache.commons.io.FileUtilsTestCase" time="0.028"/>
  <testcase name="testDeleteQuietlyDir" classname="org.apache.commons.io.FileUtilsTestCase" time="0.009"/>
  <testcase name="testContentEquals" classname="org.apache.commons.io.FileUtilsTestCase" time="0.025"/>
  <testcase name="testDecodeUrl" classname="org.apache.commons.io.FileUtilsTestCase" time="0.006"/>
  <testcase name="test_openInputStream_notExists" classname="org.apache.commons.io.FileUtilsTestCase" time="0.007"/>
  <testcase name="testWriteLines_4arg_nullSeparator" classname="org.apache.commons.io.FileUtilsTestCase" time="0.009"/>
  <testcase name="testIterateFiles" classname="org.apache.commons.io.FileUtilsTestCase" time="0.023"/>
  <testcase name="testCopyDirectoryFiltered" classname="org.apache.commons.io.FileUtilsTestCase" time="0.038"/>
  <testcase name="testWriteWithEncoding_WithAppendOptionTrue_ShouldNotDeletePreviousFileLines" classname="org.apache.commons.io.FileUtilsTestCase" time="0.011"/>
  <testcase name="testByteCountToDisplaySizeBigInteger" classname="org.apache.commons.io.FileUtilsTestCase" time="0.006"/>
  <testcase name="testCopyDirectoryErrors" classname="org.apache.commons.io.FileUtilsTestCase" time="0.011"/>
  <testcase name="testWriteByteArrayToFile_WithOffsetAndLength_WithAppendOptionTrue_ShouldNotDeletePreviousFileLines" classname="org.apache.commons.io.FileUtilsTestCase" time="0.011"/>
  <testcase name="testChecksumOnNullChecksum" classname="org.apache.commons.io.FileUtilsTestCase" time="0.008"/>
  <testcase name="testIterateFilesAndDirs" classname="org.apache.commons.io.FileUtilsTestCase" time="0.012"/>
  <testcase name="testDeleteQuietlyFile" classname="org.apache.commons.io.FileUtilsTestCase" time="0.007"/>
  <testcase name="testWriteStringToFile_WithAppendOptionTrue_ShouldNotDeletePreviousFileLines" classname="org.apache.commons.io.FileUtilsTestCase" time="0.01"/>
  <testcase name="test_openOutputStream_existsButIsDirectory" classname="org.apache.commons.io.FileUtilsTestCase" time="0.008"/>
  <testcase name="testMoveDirectoryToDirectory" classname="org.apache.commons.io.FileUtilsTestCase" time="0.014"/>
  <testcase name="testSizeOf" classname="org.apache.commons.io.FileUtilsTestCase" time="0.008"/>
  <testcase name="testMoveFileToDirectory_Errors" classname="org.apache.commons.io.FileUtilsTestCase" time="0.008"/>
  <testcase name="testCopyURLToFile" classname="org.apache.commons.io.FileUtilsTestCase" time="0.011"/>
  <testcase name="testWriteLinesEncoding_WithAppendOptionTrue_ShouldNotDeletePreviousFileLines" classname="org.apache.commons.io.FileUtilsTestCase" time="0.01"/>
  <testcase name="test_openInputStream_exists" classname="org.apache.commons.io.FileUtilsTestCase" time="0.008"/>
  <testcase name="testMoveFileToDirectory" classname="org.apache.commons.io.FileUtilsTestCase" time="0.009"/>
  <testcase name="testCopyDirectoryPreserveDates" classname="org.apache.commons.io.FileUtilsTestCase" time="0.044"/>
  <testcase name="testDecodeUrlEncodingUtf8" classname="org.apache.commons.io.FileUtilsTestCase" time="0.006"/>
  <testcase name="testWrite_WithAppendOptionTrue_ShouldNotDeletePreviousFileLines" classname="org.apache.commons.io.FileUtilsTestCase" time="0.01"/>
</testsuite>